ARM GAS  C:\Users\HP\AppData\Local\Temp\cc0Kmsmw.s 			page 1


   1              		.cpu cortex-m3
   2              		.eabi_attribute 20, 1
   3              		.eabi_attribute 21, 1
   4              		.eabi_attribute 23, 3
   5              		.eabi_attribute 24, 1
   6              		.eabi_attribute 25, 1
   7              		.eabi_attribute 26, 1
   8              		.eabi_attribute 30, 1
   9              		.eabi_attribute 34, 1
  10              		.eabi_attribute 18, 4
  11              		.file	"caslav.c"
  12              		.text
  13              	.Ltext0:
  14              		.cfi_sections	.debug_frame
  15              		.section	.text.writeLCD,"ax",%progbits
  16              		.align	1
  17              		.global	writeLCD
  18              		.arch armv7-m
  19              		.syntax unified
  20              		.thumb
  21              		.thumb_func
  22              		.fpu softvfp
  24              	writeLCD:
  25              	.LVL0:
  26              	.LFB69:
  27              		.file 1 "../Core/Src/caslav.c"
   1:../Core/Src/caslav.c **** 
  28              		.loc 1 11 47 view -0
  29              		.cfi_startproc
  30              		@ args = 0, pretend = 0, frame = 0
  31              		@ frame_needed = 0, uses_anonymous_args = 0
  32              		.loc 1 11 47 is_stmt 0 view .LVU1
  33 0000 38B5     		push	{r3, r4, r5, lr}
  34              	.LCFI0:
  35              		.cfi_def_cfa_offset 16
  36              		.cfi_offset 3, -16
  37              		.cfi_offset 4, -12
  38              		.cfi_offset 5, -8
  39              		.cfi_offset 14, -4
  40 0002 0D46     		mov	r5, r1
  41              		.loc 1 12 2 is_stmt 1 view .LVU2
  42 0004 60F07F01 		orn	r1, r0, #127
  43              	.LVL1:
  44              		.loc 1 12 2 is_stmt 0 view .LVU3
  45 0008 C9B2     		uxtb	r1, r1
  46 000a 0020     		movs	r0, #0
  47              	.LVL2:
  48              		.loc 1 12 2 view .LVU4
  49 000c 074B     		ldr	r3, .L5
  50 000e 9847     		blx	r3
  51              	.LVL3:
  52              		.loc 1 13 2 is_stmt 1 view .LVU5
  53              	.LBB2:
  54              		.loc 1 13 7 view .LVU6
  55              		.loc 1 13 14 is_stmt 0 view .LVU7
  56 0010 0024     		movs	r4, #0
  57              		.loc 1 13 2 view .LVU8
ARM GAS  C:\Users\HP\AppData\Local\Temp\cc0Kmsmw.s 			page 2


  58 0012 04E0     		b	.L2
  59              	.LVL4:
  60              	.L3:
  61              		.loc 1 14 3 is_stmt 1 discriminator 3 view .LVU9
  62 0014 295D     		ldrb	r1, [r5, r4]	@ zero_extendqisi2
  63 0016 0120     		movs	r0, #1
  64 0018 044B     		ldr	r3, .L5
  65 001a 9847     		blx	r3
  66              	.LVL5:
  67              		.loc 1 13 38 discriminator 3 view .LVU10
  68 001c 0134     		adds	r4, r4, #1
  69              	.LVL6:
  70              	.L2:
  71              		.loc 1 13 21 discriminator 1 view .LVU11
  72              		.loc 1 13 25 is_stmt 0 discriminator 1 view .LVU12
  73 001e 2846     		mov	r0, r5
  74 0020 034B     		ldr	r3, .L5+4
  75 0022 9847     		blx	r3
  76              	.LVL7:
  77              		.loc 1 13 2 discriminator 1 view .LVU13
  78 0024 A042     		cmp	r0, r4
  79 0026 F5D8     		bhi	.L3
  80              	.LBE2:
  81              		.loc 1 16 1 view .LVU14
  82 0028 38BD     		pop	{r3, r4, r5, pc}
  83              	.LVL8:
  84              	.L6:
  85              		.loc 1 16 1 view .LVU15
  86 002a 00BF     		.align	2
  87              	.L5:
  88 002c 00000000 		.word	LCD_Use
  89 0030 00000000 		.word	strlen
  90              		.cfi_endproc
  91              	.LFE69:
  93              		.section	.rodata.SpamTask.str1.4,"aMS",%progbits,1
  94              		.align	2
  95              	.LC0:
  96 0000 75636B79 		.ascii	"uckySRB :)\000"
  96      53524220 
  96      3A2900
  97 000b 00       		.align	2
  98              	.LC1:
  99 000c 63687563 		.ascii	"chucky\000"
  99      6B7900
 100 0013 00       		.align	2
 101              	.LC2:
 102 0014 53524200 		.ascii	"SRB\000"
 103              		.section	.text.SpamTask,"ax",%progbits
 104              		.align	1
 105              		.global	SpamTask
 106              		.syntax unified
 107              		.thumb
 108              		.thumb_func
 109              		.fpu softvfp
 111              	SpamTask:
 112              	.LFB70:
 113              		.loc 1 18 28 is_stmt 1 view -0
ARM GAS  C:\Users\HP\AppData\Local\Temp\cc0Kmsmw.s 			page 3


 114              		.cfi_startproc
 115              		@ Volatile: function does not return.
 116              		@ args = 0, pretend = 0, frame = 0
 117              		@ frame_needed = 0, uses_anonymous_args = 0
 118              	.LVL9:
 119              		.loc 1 18 28 is_stmt 0 view .LVU17
 120 0000 08B5     		push	{r3, lr}
 121              	.LCFI1:
 122              		.cfi_def_cfa_offset 8
 123              		.cfi_offset 3, -8
 124              		.cfi_offset 14, -4
 125              	.LVL10:
 126              	.L8:
 127              		.loc 1 19 2 is_stmt 1 discriminator 1 view .LVU18
 128              		.loc 1 20 3 discriminator 1 view .LVU19
 129 0002 C820     		movs	r0, #200
 130 0004 0A4B     		ldr	r3, .L10
 131 0006 9847     		blx	r3
 132              	.LVL11:
 133              		.loc 1 21 3 discriminator 1 view .LVU20
 134 0008 4320     		movs	r0, #67
 135 000a 0A4C     		ldr	r4, .L10+4
 136 000c A047     		blx	r4
 137              	.LVL12:
 138              		.loc 1 22 3 discriminator 1 view .LVU21
 139 000e 0A48     		ldr	r0, .L10+8
 140 0010 0A4B     		ldr	r3, .L10+12
 141 0012 9847     		blx	r3
 142              	.LVL13:
 143              		.loc 1 23 3 discriminator 1 view .LVU22
 144 0014 0D20     		movs	r0, #13
 145 0016 A047     		blx	r4
 146              	.LVL14:
 147              		.loc 1 24 3 discriminator 1 view .LVU23
 148 0018 0949     		ldr	r1, .L10+16
 149 001a 0020     		movs	r0, #0
 150 001c 094C     		ldr	r4, .L10+20
 151 001e A047     		blx	r4
 152              	.LVL15:
 153              		.loc 1 25 3 discriminator 1 view .LVU24
 154 0020 094D     		ldr	r5, .L10+24
 155 0022 2946     		mov	r1, r5
 156 0024 4020     		movs	r0, #64
 157 0026 A047     		blx	r4
 158              	.LVL16:
 159              		.loc 1 26 3 discriminator 1 view .LVU25
 160 0028 2946     		mov	r1, r5
 161 002a 1020     		movs	r0, #16
 162 002c A047     		blx	r4
 163              	.LVL17:
 164              		.loc 1 19 8 discriminator 1 view .LVU26
 165 002e E8E7     		b	.L8
 166              	.L11:
 167              		.align	2
 168              	.L10:
 169 0030 00000000 		.word	vTaskDelay
 170 0034 00000000 		.word	Transmit_Char
ARM GAS  C:\Users\HP\AppData\Local\Temp\cc0Kmsmw.s 			page 4


 171 0038 00000000 		.word	.LC0
 172 003c 00000000 		.word	Transmit_String
 173 0040 0C000000 		.word	.LC1
 174 0044 00000000 		.word	writeLCD
 175 0048 14000000 		.word	.LC2
 176              		.cfi_endproc
 177              	.LFE70:
 179              		.section	.rodata.caki.str1.4,"aMS",%progbits,1
 180              		.align	2
 181              	.LC3:
 182 0000 5370616D 		.ascii	"Spam\000"
 182      00
 183              		.section	.text.caki,"ax",%progbits
 184              		.align	1
 185              		.global	caki
 186              		.syntax unified
 187              		.thumb
 188              		.thumb_func
 189              		.fpu softvfp
 191              	caki:
 192              	.LFB71:
 193              		.loc 1 30 12 view -0
 194              		.cfi_startproc
 195              		@ args = 0, pretend = 0, frame = 0
 196              		@ frame_needed = 0, uses_anonymous_args = 0
 197 0000 10B5     		push	{r4, lr}
 198              	.LCFI2:
 199              		.cfi_def_cfa_offset 8
 200              		.cfi_offset 4, -8
 201              		.cfi_offset 14, -4
 202 0002 82B0     		sub	sp, sp, #8
 203              	.LCFI3:
 204              		.cfi_def_cfa_offset 16
 205              		.loc 1 31 2 view .LVU28
 206 0004 074B     		ldr	r3, .L14
 207 0006 9847     		blx	r3
 208              	.LVL18:
 209              		.loc 1 32 2 view .LVU29
 210 0008 074B     		ldr	r3, .L14+4
 211 000a 9847     		blx	r3
 212              	.LVL19:
 213              		.loc 1 33 2 view .LVU30
 214 000c 0023     		movs	r3, #0
 215 000e 0193     		str	r3, [sp, #4]
 216 0010 0222     		movs	r2, #2
 217 0012 0092     		str	r2, [sp]
 218 0014 6422     		movs	r2, #100
 219 0016 0549     		ldr	r1, .L14+8
 220 0018 0548     		ldr	r0, .L14+12
 221 001a 064C     		ldr	r4, .L14+16
 222 001c A047     		blx	r4
 223              	.LVL20:
 224              		.loc 1 34 1 is_stmt 0 view .LVU31
 225 001e 02B0     		add	sp, sp, #8
 226              	.LCFI4:
 227              		.cfi_def_cfa_offset 8
 228              		@ sp needed
ARM GAS  C:\Users\HP\AppData\Local\Temp\cc0Kmsmw.s 			page 5


 229 0020 10BD     		pop	{r4, pc}
 230              	.L15:
 231 0022 00BF     		.align	2
 232              	.L14:
 233 0024 00000000 		.word	uart_init
 234 0028 00000000 		.word	lcd_init
 235 002c 00000000 		.word	.LC3
 236 0030 00000000 		.word	SpamTask
 237 0034 00000000 		.word	xTaskCreate
 238              		.cfi_endproc
 239              	.LFE71:
 241              		.text
 242              	.Letext0:
 243              		.file 2 "../d:\\program files\\gnu mcu\\arm-none-eabi-gcc-10.2.1-1.1\\arm-none-eabi\\include\\mach
 244              		.file 3 "../d:\\program files\\gnu mcu\\arm-none-eabi-gcc-10.2.1-1.1\\arm-none-eabi\\include\\sys\
 245              		.file 4 "../d:\\program files\\gnu mcu\\arm-none-eabi-gcc-10.2.1-1.1\\lib\\gcc\\arm-none-eabi\\10.
 246              		.file 5 "../Middlewares/Third_Party/FreeRTOS/Source/portable/GCC/ARM_CM3/portmacro.h"
 247              		.file 6 "../Core/Inc/driver_uart.h"
 248              		.file 7 "../Core/Inc/driver_lcd.h"
 249              		.file 8 "../Middlewares/Third_Party/FreeRTOS/Source/include/task.h"
 250              		.file 9 "../<built-in>"
ARM GAS  C:\Users\HP\AppData\Local\Temp\cc0Kmsmw.s 			page 6


DEFINED SYMBOLS
                            *ABS*:0000000000000000 caslav.c
C:\Users\HP\AppData\Local\Temp\cc0Kmsmw.s:16     .text.writeLCD:0000000000000000 $t
C:\Users\HP\AppData\Local\Temp\cc0Kmsmw.s:24     .text.writeLCD:0000000000000000 writeLCD
C:\Users\HP\AppData\Local\Temp\cc0Kmsmw.s:88     .text.writeLCD:000000000000002c $d
C:\Users\HP\AppData\Local\Temp\cc0Kmsmw.s:94     .rodata.SpamTask.str1.4:0000000000000000 $d
C:\Users\HP\AppData\Local\Temp\cc0Kmsmw.s:104    .text.SpamTask:0000000000000000 $t
C:\Users\HP\AppData\Local\Temp\cc0Kmsmw.s:111    .text.SpamTask:0000000000000000 SpamTask
C:\Users\HP\AppData\Local\Temp\cc0Kmsmw.s:169    .text.SpamTask:0000000000000030 $d
C:\Users\HP\AppData\Local\Temp\cc0Kmsmw.s:180    .rodata.caki.str1.4:0000000000000000 $d
C:\Users\HP\AppData\Local\Temp\cc0Kmsmw.s:184    .text.caki:0000000000000000 $t
C:\Users\HP\AppData\Local\Temp\cc0Kmsmw.s:191    .text.caki:0000000000000000 caki
C:\Users\HP\AppData\Local\Temp\cc0Kmsmw.s:233    .text.caki:0000000000000024 $d

UNDEFINED SYMBOLS
LCD_Use
strlen
vTaskDelay
Transmit_Char
Transmit_String
uart_init
lcd_init
xTaskCreate
