ARM GAS  C:\Users\HP\AppData\Local\Temp\ccF3LRuA.s 			page 1


   1              		.cpu cortex-m3
   2              		.eabi_attribute 20, 1
   3              		.eabi_attribute 21, 1
   4              		.eabi_attribute 23, 3
   5              		.eabi_attribute 24, 1
   6              		.eabi_attribute 25, 1
   7              		.eabi_attribute 26, 1
   8              		.eabi_attribute 30, 1
   9              		.eabi_attribute 34, 1
  10              		.eabi_attribute 18, 4
  11              		.file	"driver_lcd.c"
  12              		.text
  13              	.Ltext0:
  14              		.cfi_sections	.debug_frame
  15              		.section	.text.LCD_Write,"ax",%progbits
  16              		.align	1
  17              		.arch armv7-m
  18              		.syntax unified
  19              		.thumb
  20              		.thumb_func
  21              		.fpu softvfp
  23              	LCD_Write:
  24              	.LVL0:
  25              	.LFB69:
  26              		.file 1 "../Core/Src/driver_lcd.c"
   1:../Core/Src/driver_lcd.c **** 
  27              		.loc 1 19 62 view -0
  28              		.cfi_startproc
  29              		@ args = 0, pretend = 0, frame = 0
  30              		@ frame_needed = 0, uses_anonymous_args = 0
  31              		@ link register save eliminated.
  32              		.loc 1 20 2 view .LVU1
  33              		.loc 1 20 35 is_stmt 0 view .LVU2
  34 0000 01F00F01 		and	r1, r1, #15
  35              	.LVL1:
  36              		.loc 1 20 28 view .LVU3
  37 0004 41EA0011 		orr	r1, r1, r0, lsl #4
  38              		.loc 1 20 13 view .LVU4
  39 0008 054B     		ldr	r3, .L2
  40 000a D960     		str	r1, [r3, #12]
  41              		.loc 1 21 2 is_stmt 1 view .LVU5
  42              		.loc 1 21 13 is_stmt 0 view .LVU6
  43 000c DA68     		ldr	r2, [r3, #12]
  44 000e 42F04002 		orr	r2, r2, #64
  45 0012 DA60     		str	r2, [r3, #12]
  46              		.loc 1 22 2 is_stmt 1 view .LVU7
  47              		.loc 1 22 13 is_stmt 0 view .LVU8
  48 0014 DA68     		ldr	r2, [r3, #12]
  49 0016 22F04002 		bic	r2, r2, #64
  50 001a DA60     		str	r2, [r3, #12]
  51              		.loc 1 23 1 view .LVU9
  52 001c 7047     		bx	lr
  53              	.L3:
  54 001e 00BF     		.align	2
  55              	.L2:
  56 0020 00100140 		.word	1073811456
  57              		.cfi_endproc
ARM GAS  C:\Users\HP\AppData\Local\Temp\ccF3LRuA.s 			page 2


  58              	.LFE69:
  60              		.section	.text.LCD_WriteCommand,"ax",%progbits
  61              		.align	1
  62              		.syntax unified
  63              		.thumb
  64              		.thumb_func
  65              		.fpu softvfp
  67              	LCD_WriteCommand:
  68              	.LVL2:
  69              	.LFB70:
  70              		.loc 1 25 69 is_stmt 1 view -0
  71              		.cfi_startproc
  72              		@ args = 0, pretend = 0, frame = 0
  73              		@ frame_needed = 0, uses_anonymous_args = 0
  74              		.loc 1 25 69 is_stmt 0 view .LVU11
  75 0000 70B5     		push	{r4, r5, r6, lr}
  76              	.LCFI0:
  77              		.cfi_def_cfa_offset 16
  78              		.cfi_offset 4, -16
  79              		.cfi_offset 5, -12
  80              		.cfi_offset 6, -8
  81              		.cfi_offset 14, -4
  82 0002 0546     		mov	r5, r0
  83 0004 0C46     		mov	r4, r1
  84              		.loc 1 26 2 is_stmt 1 view .LVU12
  85 0006 0909     		lsrs	r1, r1, #4
  86              	.LVL3:
  87              		.loc 1 26 2 is_stmt 0 view .LVU13
  88 0008 044E     		ldr	r6, .L6
  89 000a B047     		blx	r6
  90              	.LVL4:
  91              		.loc 1 27 2 is_stmt 1 view .LVU14
  92 000c 2146     		mov	r1, r4
  93 000e 2846     		mov	r0, r5
  94 0010 B047     		blx	r6
  95              	.LVL5:
  96              		.loc 1 28 2 view .LVU15
  97 0012 0220     		movs	r0, #2
  98 0014 024B     		ldr	r3, .L6+4
  99 0016 9847     		blx	r3
 100              	.LVL6:
 101              		.loc 1 29 1 is_stmt 0 view .LVU16
 102 0018 70BD     		pop	{r4, r5, r6, pc}
 103              	.L7:
 104 001a 00BF     		.align	2
 105              	.L6:
 106 001c 00000000 		.word	LCD_Write
 107 0020 00000000 		.word	vTaskDelay
 108              		.cfi_endproc
 109              	.LFE70:
 111              		.section	.text.LCD_Task,"ax",%progbits
 112              		.align	1
 113              		.syntax unified
 114              		.thumb
 115              		.thumb_func
 116              		.fpu softvfp
 118              	LCD_Task:
ARM GAS  C:\Users\HP\AppData\Local\Temp\ccF3LRuA.s 			page 3


 119              	.LVL7:
 120              	.LFB71:
 121              		.loc 1 31 38 is_stmt 1 view -0
 122              		.cfi_startproc
 123              		@ Volatile: function does not return.
 124              		@ args = 0, pretend = 0, frame = 0
 125              		@ frame_needed = 0, uses_anonymous_args = 0
 126              		.loc 1 31 38 is_stmt 0 view .LVU18
 127 0000 08B5     		push	{r3, lr}
 128              	.LCFI1:
 129              		.cfi_def_cfa_offset 8
 130              		.cfi_offset 3, -8
 131              		.cfi_offset 14, -4
 132              		.loc 1 32 2 is_stmt 1 view .LVU19
 133 0002 1420     		movs	r0, #20
 134              	.LVL8:
 135              		.loc 1 32 2 is_stmt 0 view .LVU20
 136 0004 104C     		ldr	r4, .L11
 137 0006 A047     		blx	r4
 138              	.LVL9:
 139              		.loc 1 33 2 is_stmt 1 view .LVU21
 140 0008 0221     		movs	r1, #2
 141 000a 0020     		movs	r0, #0
 142 000c 0F4B     		ldr	r3, .L11+4
 143 000e 9847     		blx	r3
 144              	.LVL10:
 145              		.loc 1 34 2 view .LVU22
 146 0010 0220     		movs	r0, #2
 147 0012 A047     		blx	r4
 148              	.LVL11:
 149              		.loc 1 35 2 view .LVU23
 150 0014 2821     		movs	r1, #40
 151 0016 0020     		movs	r0, #0
 152 0018 0D4C     		ldr	r4, .L11+8
 153 001a A047     		blx	r4
 154              	.LVL12:
 155              		.loc 1 39 2 view .LVU24
 156 001c 0C21     		movs	r1, #12
 157 001e 0020     		movs	r0, #0
 158 0020 A047     		blx	r4
 159              	.LVL13:
 160              		.loc 1 40 2 view .LVU25
 161 0022 0621     		movs	r1, #6
 162 0024 0020     		movs	r0, #0
 163 0026 A047     		blx	r4
 164              	.LVL14:
 165              		.loc 1 41 2 view .LVU26
 166 0028 0221     		movs	r1, #2
 167 002a 0020     		movs	r0, #0
 168 002c A047     		blx	r4
 169              	.LVL15:
 170              	.L9:
 171              		.loc 1 45 2 discriminator 1 view .LVU27
 172              		.loc 1 46 3 discriminator 1 view .LVU28
 173 002e 094C     		ldr	r4, .L11+12
 174 0030 4FF0FF32 		mov	r2, #-1
 175 0034 2146     		mov	r1, r4
ARM GAS  C:\Users\HP\AppData\Local\Temp\ccF3LRuA.s 			page 4


 176 0036 084B     		ldr	r3, .L11+16
 177 0038 1868     		ldr	r0, [r3]
 178 003a 084B     		ldr	r3, .L11+20
 179 003c 9847     		blx	r3
 180              	.LVL16:
 181              		.loc 1 47 3 discriminator 1 view .LVU29
 182 003e 6178     		ldrb	r1, [r4, #1]	@ zero_extendqisi2
 183 0040 2078     		ldrb	r0, [r4]	@ zero_extendqisi2
 184 0042 034B     		ldr	r3, .L11+8
 185 0044 9847     		blx	r3
 186              	.LVL17:
 187              		.loc 1 45 7 discriminator 1 view .LVU30
 188 0046 F2E7     		b	.L9
 189              	.L12:
 190              		.align	2
 191              	.L11:
 192 0048 00000000 		.word	vTaskDelay
 193 004c 00000000 		.word	LCD_Write
 194 0050 00000000 		.word	LCD_WriteCommand
 195 0054 00000000 		.word	.LANCHOR0
 196 0058 00000000 		.word	.LANCHOR1
 197 005c 00000000 		.word	xQueueReceive
 198              		.cfi_endproc
 199              	.LFE71:
 201              		.section	.rodata.lcd_init.str1.4,"aMS",%progbits,1
 202              		.align	2
 203              	.LC0:
 204 0000 4C434400 		.ascii	"LCD\000"
 205              		.section	.text.lcd_init,"ax",%progbits
 206              		.align	1
 207              		.global	lcd_init
 208              		.syntax unified
 209              		.thumb
 210              		.thumb_func
 211              		.fpu softvfp
 213              	lcd_init:
 214              	.LFB72:
 215              		.loc 1 51 16 view -0
 216              		.cfi_startproc
 217              		@ args = 0, pretend = 0, frame = 0
 218              		@ frame_needed = 0, uses_anonymous_args = 0
 219 0000 30B5     		push	{r4, r5, lr}
 220              	.LCFI2:
 221              		.cfi_def_cfa_offset 12
 222              		.cfi_offset 4, -12
 223              		.cfi_offset 5, -8
 224              		.cfi_offset 14, -4
 225 0002 83B0     		sub	sp, sp, #12
 226              	.LCFI3:
 227              		.cfi_def_cfa_offset 24
 228              		.loc 1 52 2 view .LVU32
 229 0004 0024     		movs	r4, #0
 230 0006 0194     		str	r4, [sp, #4]
 231 0008 0323     		movs	r3, #3
 232 000a 0093     		str	r3, [sp]
 233 000c 2346     		mov	r3, r4
 234 000e 8022     		movs	r2, #128
ARM GAS  C:\Users\HP\AppData\Local\Temp\ccF3LRuA.s 			page 5


 235 0010 0649     		ldr	r1, .L15
 236 0012 0748     		ldr	r0, .L15+4
 237 0014 074D     		ldr	r5, .L15+8
 238 0016 A847     		blx	r5
 239              	.LVL18:
 240              		.loc 1 53 2 view .LVU33
 241              		.loc 1 53 13 is_stmt 0 view .LVU34
 242 0018 2246     		mov	r2, r4
 243 001a 0221     		movs	r1, #2
 244 001c 8020     		movs	r0, #128
 245 001e 064B     		ldr	r3, .L15+12
 246 0020 9847     		blx	r3
 247              	.LVL19:
 248              		.loc 1 53 11 view .LVU35
 249 0022 064B     		ldr	r3, .L15+16
 250 0024 1860     		str	r0, [r3]
 251              		.loc 1 54 1 view .LVU36
 252 0026 03B0     		add	sp, sp, #12
 253              	.LCFI4:
 254              		.cfi_def_cfa_offset 12
 255              		@ sp needed
 256 0028 30BD     		pop	{r4, r5, pc}
 257              	.L16:
 258 002a 00BF     		.align	2
 259              	.L15:
 260 002c 00000000 		.word	.LC0
 261 0030 00000000 		.word	LCD_Task
 262 0034 00000000 		.word	xTaskCreate
 263 0038 00000000 		.word	xQueueGenericCreate
 264 003c 00000000 		.word	.LANCHOR1
 265              		.cfi_endproc
 266              	.LFE72:
 268              		.section	.text.LCD_Use,"ax",%progbits
 269              		.align	1
 270              		.global	LCD_Use
 271              		.syntax unified
 272              		.thumb
 273              		.thumb_func
 274              		.fpu softvfp
 276              	LCD_Use:
 277              	.LVL20:
 278              	.LFB73:
 279              		.loc 1 57 53 is_stmt 1 view -0
 280              		.cfi_startproc
 281              		@ args = 0, pretend = 0, frame = 0
 282              		@ frame_needed = 0, uses_anonymous_args = 0
 283              		.loc 1 57 53 is_stmt 0 view .LVU38
 284 0000 10B5     		push	{r4, lr}
 285              	.LCFI5:
 286              		.cfi_def_cfa_offset 8
 287              		.cfi_offset 4, -8
 288              		.cfi_offset 14, -4
 289 0002 0B46     		mov	r3, r1
 290              		.loc 1 58 2 is_stmt 1 view .LVU39
 291              		.loc 1 58 10 is_stmt 0 view .LVU40
 292 0004 0549     		ldr	r1, .L19
 293              	.LVL21:
ARM GAS  C:\Users\HP\AppData\Local\Temp\ccF3LRuA.s 			page 6


 294              		.loc 1 58 10 view .LVU41
 295 0006 0870     		strb	r0, [r1]
 296              		.loc 1 59 2 is_stmt 1 view .LVU42
 297              		.loc 1 59 10 is_stmt 0 view .LVU43
 298 0008 4B70     		strb	r3, [r1, #1]
 299              		.loc 1 60 2 is_stmt 1 view .LVU44
 300 000a 0023     		movs	r3, #0
 301 000c 4FF0FF32 		mov	r2, #-1
 302 0010 0348     		ldr	r0, .L19+4
 303              	.LVL22:
 304              		.loc 1 60 2 is_stmt 0 view .LVU45
 305 0012 0068     		ldr	r0, [r0]
 306 0014 034C     		ldr	r4, .L19+8
 307 0016 A047     		blx	r4
 308              	.LVL23:
 309              		.loc 1 61 1 view .LVU46
 310 0018 10BD     		pop	{r4, pc}
 311              	.L20:
 312 001a 00BF     		.align	2
 313              	.L19:
 314 001c 00000000 		.word	.LANCHOR0
 315 0020 00000000 		.word	.LANCHOR1
 316 0024 00000000 		.word	xQueueGenericSend
 317              		.cfi_endproc
 318              	.LFE73:
 320              		.global	cmd
 321              		.global	LCDQueue
 322              		.section	.bss.LCDQueue,"aw",%nobits
 323              		.align	2
 324              		.set	.LANCHOR1,. + 0
 327              	LCDQueue:
 328 0000 00000000 		.space	4
 329              		.section	.bss.cmd,"aw",%nobits
 330              		.align	2
 331              		.set	.LANCHOR0,. + 0
 334              	cmd:
 335 0000 0000     		.space	2
 336              		.text
 337              	.Letext0:
 338              		.file 2 "../d:\\program files\\gnu mcu\\arm-none-eabi-gcc-10.2.1-1.1\\arm-none-eabi\\include\\mach
 339              		.file 3 "../d:\\program files\\gnu mcu\\arm-none-eabi-gcc-10.2.1-1.1\\arm-none-eabi\\include\\sys\
 340              		.file 4 "../Middlewares/Third_Party/FreeRTOS/Source/portable/GCC/ARM_CM3/portmacro.h"
 341              		.file 5 "../Middlewares/Third_Party/FreeRTOS/Source/include/queue.h"
 342              		.file 6 "../Core/Inc/driver_lcd.h"
 343              		.file 7 "../Drivers/CMSIS/Device/ST/STM32F1xx/Include/stm32f103x6.h"
 344              		.file 8 "../Middlewares/Third_Party/FreeRTOS/Source/include/task.h"
ARM GAS  C:\Users\HP\AppData\Local\Temp\ccF3LRuA.s 			page 7


DEFINED SYMBOLS
                            *ABS*:0000000000000000 driver_lcd.c
C:\Users\HP\AppData\Local\Temp\ccF3LRuA.s:16     .text.LCD_Write:0000000000000000 $t
C:\Users\HP\AppData\Local\Temp\ccF3LRuA.s:23     .text.LCD_Write:0000000000000000 LCD_Write
C:\Users\HP\AppData\Local\Temp\ccF3LRuA.s:56     .text.LCD_Write:0000000000000020 $d
C:\Users\HP\AppData\Local\Temp\ccF3LRuA.s:61     .text.LCD_WriteCommand:0000000000000000 $t
C:\Users\HP\AppData\Local\Temp\ccF3LRuA.s:67     .text.LCD_WriteCommand:0000000000000000 LCD_WriteCommand
C:\Users\HP\AppData\Local\Temp\ccF3LRuA.s:106    .text.LCD_WriteCommand:000000000000001c $d
C:\Users\HP\AppData\Local\Temp\ccF3LRuA.s:112    .text.LCD_Task:0000000000000000 $t
C:\Users\HP\AppData\Local\Temp\ccF3LRuA.s:118    .text.LCD_Task:0000000000000000 LCD_Task
C:\Users\HP\AppData\Local\Temp\ccF3LRuA.s:192    .text.LCD_Task:0000000000000048 $d
C:\Users\HP\AppData\Local\Temp\ccF3LRuA.s:202    .rodata.lcd_init.str1.4:0000000000000000 $d
C:\Users\HP\AppData\Local\Temp\ccF3LRuA.s:206    .text.lcd_init:0000000000000000 $t
C:\Users\HP\AppData\Local\Temp\ccF3LRuA.s:213    .text.lcd_init:0000000000000000 lcd_init
C:\Users\HP\AppData\Local\Temp\ccF3LRuA.s:260    .text.lcd_init:000000000000002c $d
C:\Users\HP\AppData\Local\Temp\ccF3LRuA.s:269    .text.LCD_Use:0000000000000000 $t
C:\Users\HP\AppData\Local\Temp\ccF3LRuA.s:276    .text.LCD_Use:0000000000000000 LCD_Use
C:\Users\HP\AppData\Local\Temp\ccF3LRuA.s:314    .text.LCD_Use:000000000000001c $d
C:\Users\HP\AppData\Local\Temp\ccF3LRuA.s:334    .bss.cmd:0000000000000000 cmd
C:\Users\HP\AppData\Local\Temp\ccF3LRuA.s:327    .bss.LCDQueue:0000000000000000 LCDQueue
C:\Users\HP\AppData\Local\Temp\ccF3LRuA.s:323    .bss.LCDQueue:0000000000000000 $d
C:\Users\HP\AppData\Local\Temp\ccF3LRuA.s:330    .bss.cmd:0000000000000000 $d

UNDEFINED SYMBOLS
vTaskDelay
xQueueReceive
xTaskCreate
xQueueGenericCreate
xQueueGenericSend
