ARM GAS  C:\Users\HP\AppData\Local\Temp\ccR2XDVc.s 			page 1


   1              		.cpu cortex-m3
   2              		.eabi_attribute 20, 1
   3              		.eabi_attribute 21, 1
   4              		.eabi_attribute 23, 3
   5              		.eabi_attribute 24, 1
   6              		.eabi_attribute 25, 1
   7              		.eabi_attribute 26, 1
   8              		.eabi_attribute 30, 1
   9              		.eabi_attribute 34, 1
  10              		.eabi_attribute 18, 4
  11              		.file	"main.c"
  12              		.text
  13              	.Ltext0:
  14              		.cfi_sections	.debug_frame
  15              		.section	.text.HAL_TIM_PeriodElapsedCallback,"ax",%progbits
  16              		.align	1
  17              		.global	HAL_TIM_PeriodElapsedCallback
  18              		.arch armv7-m
  19              		.syntax unified
  20              		.thumb
  21              		.thumb_func
  22              		.fpu softvfp
  24              	HAL_TIM_PeriodElapsedCallback:
  25              	.LVL0:
  26              	.LFB71:
  27              		.file 1 "../Core/Src/main.c"
   1:../Core/Src/main.c **** 
  28              		.loc 1 162 1 view -0
  29              		.cfi_startproc
  30              		@ args = 0, pretend = 0, frame = 0
  31              		@ frame_needed = 0, uses_anonymous_args = 0
  32              		.loc 1 162 1 is_stmt 0 view .LVU1
  33 0000 08B5     		push	{r3, lr}
  34              	.LCFI0:
  35              		.cfi_def_cfa_offset 8
  36              		.cfi_offset 3, -8
  37              		.cfi_offset 14, -4
  38              		.loc 1 166 3 is_stmt 1 view .LVU2
  39              		.loc 1 166 11 is_stmt 0 view .LVU3
  40 0002 0268     		ldr	r2, [r0]
  41              		.loc 1 166 6 view .LVU4
  42 0004 034B     		ldr	r3, .L5
  43 0006 9A42     		cmp	r2, r3
  44 0008 00D0     		beq	.L4
  45              	.LVL1:
  46              	.L1:
  47              		.loc 1 172 1 view .LVU5
  48 000a 08BD     		pop	{r3, pc}
  49              	.LVL2:
  50              	.L4:
  51              		.loc 1 167 5 is_stmt 1 view .LVU6
  52 000c 024B     		ldr	r3, .L5+4
  53 000e 9847     		blx	r3
  54              	.LVL3:
  55              		.loc 1 172 1 is_stmt 0 view .LVU7
  56 0010 FBE7     		b	.L1
  57              	.L6:
ARM GAS  C:\Users\HP\AppData\Local\Temp\ccR2XDVc.s 			page 2


  58 0012 00BF     		.align	2
  59              	.L5:
  60 0014 002C0140 		.word	1073818624
  61 0018 00000000 		.word	HAL_IncTick
  62              		.cfi_endproc
  63              	.LFE71:
  65              		.section	.text.Error_Handler,"ax",%progbits
  66              		.align	1
  67              		.global	Error_Handler
  68              		.syntax unified
  69              		.thumb
  70              		.thumb_func
  71              		.fpu softvfp
  73              	Error_Handler:
  74              	.LFB72:
  75              		.loc 1 179 1 is_stmt 1 view -0
  76              		.cfi_startproc
  77              		@ Volatile: function does not return.
  78              		@ args = 0, pretend = 0, frame = 0
  79              		@ frame_needed = 0, uses_anonymous_args = 0
  80              		@ link register save eliminated.
  81              		.loc 1 182 3 view .LVU9
  82              	.LBB4:
  83              	.LBI4:
  84              		.file 2 "../Drivers/CMSIS/Include/cmsis_gcc.h"
   1:../Drivers/CMSIS/Include/cmsis_gcc.h **** 
  85              		.loc 2 140 27 view .LVU10
  86              	.LBB5:
  87              		.loc 2 142 3 view .LVU11
  88              		.syntax unified
  89              	@ 142 "Drivers/CMSIS/Include/cmsis_gcc.h" 1
  90 0000 72B6     		cpsid i
  91              	@ 0 "" 2
  92              		.thumb
  93              		.syntax unified
  94              	.L8:
  95              	.LBE5:
  96              	.LBE4:
  97              		.loc 1 183 3 discriminator 1 view .LVU12
  98              		.loc 1 185 3 discriminator 1 view .LVU13
  99              		.loc 1 183 9 discriminator 1 view .LVU14
 100 0002 FEE7     		b	.L8
 101              		.cfi_endproc
 102              	.LFE72:
 104              		.section	.text.SystemClock_Config,"ax",%progbits
 105              		.align	1
 106              		.global	SystemClock_Config
 107              		.syntax unified
 108              		.thumb
 109              		.thumb_func
 110              		.fpu softvfp
 112              	SystemClock_Config:
 113              	.LFB70:
 114              		.loc 1 119 1 view -0
 115              		.cfi_startproc
 116              		@ args = 0, pretend = 0, frame = 64
 117              		@ frame_needed = 0, uses_anonymous_args = 0
ARM GAS  C:\Users\HP\AppData\Local\Temp\ccR2XDVc.s 			page 3


 118 0000 00B5     		push	{lr}
 119              	.LCFI1:
 120              		.cfi_def_cfa_offset 4
 121              		.cfi_offset 14, -4
 122 0002 91B0     		sub	sp, sp, #68
 123              	.LCFI2:
 124              		.cfi_def_cfa_offset 72
 125              		.loc 1 120 3 view .LVU16
 126              		.loc 1 120 22 is_stmt 0 view .LVU17
 127 0004 2822     		movs	r2, #40
 128 0006 0021     		movs	r1, #0
 129 0008 06A8     		add	r0, sp, #24
 130 000a 124B     		ldr	r3, .L15
 131 000c 9847     		blx	r3
 132              	.LVL4:
 133              		.loc 1 121 3 is_stmt 1 view .LVU18
 134              		.loc 1 121 22 is_stmt 0 view .LVU19
 135 000e 0023     		movs	r3, #0
 136 0010 0193     		str	r3, [sp, #4]
 137 0012 0293     		str	r3, [sp, #8]
 138 0014 0393     		str	r3, [sp, #12]
 139 0016 0493     		str	r3, [sp, #16]
 140 0018 0593     		str	r3, [sp, #20]
 141              		.loc 1 126 3 is_stmt 1 view .LVU20
 142              		.loc 1 126 36 is_stmt 0 view .LVU21
 143 001a 0223     		movs	r3, #2
 144 001c 0693     		str	r3, [sp, #24]
 145              		.loc 1 127 3 is_stmt 1 view .LVU22
 146              		.loc 1 127 30 is_stmt 0 view .LVU23
 147 001e 0123     		movs	r3, #1
 148 0020 0A93     		str	r3, [sp, #40]
 149              		.loc 1 128 3 is_stmt 1 view .LVU24
 150              		.loc 1 128 41 is_stmt 0 view .LVU25
 151 0022 1023     		movs	r3, #16
 152 0024 0B93     		str	r3, [sp, #44]
 153              		.loc 1 129 3 is_stmt 1 view .LVU26
 154              		.loc 1 130 3 view .LVU27
 155              		.loc 1 130 7 is_stmt 0 view .LVU28
 156 0026 06A8     		add	r0, sp, #24
 157 0028 0B4B     		ldr	r3, .L15+4
 158 002a 9847     		blx	r3
 159              	.LVL5:
 160              		.loc 1 130 6 view .LVU29
 161 002c 68B9     		cbnz	r0, .L13
 162              		.loc 1 136 3 is_stmt 1 view .LVU30
 163              		.loc 1 136 31 is_stmt 0 view .LVU31
 164 002e 0F23     		movs	r3, #15
 165 0030 0193     		str	r3, [sp, #4]
 166              		.loc 1 138 3 is_stmt 1 view .LVU32
 167              		.loc 1 138 34 is_stmt 0 view .LVU33
 168 0032 0021     		movs	r1, #0
 169 0034 0291     		str	r1, [sp, #8]
 170              		.loc 1 139 3 is_stmt 1 view .LVU34
 171              		.loc 1 139 35 is_stmt 0 view .LVU35
 172 0036 0391     		str	r1, [sp, #12]
 173              		.loc 1 140 3 is_stmt 1 view .LVU36
 174              		.loc 1 140 36 is_stmt 0 view .LVU37
ARM GAS  C:\Users\HP\AppData\Local\Temp\ccR2XDVc.s 			page 4


 175 0038 0491     		str	r1, [sp, #16]
 176              		.loc 1 141 3 is_stmt 1 view .LVU38
 177              		.loc 1 141 36 is_stmt 0 view .LVU39
 178 003a 0591     		str	r1, [sp, #20]
 179              		.loc 1 143 3 is_stmt 1 view .LVU40
 180              		.loc 1 143 7 is_stmt 0 view .LVU41
 181 003c 01A8     		add	r0, sp, #4
 182 003e 074B     		ldr	r3, .L15+8
 183 0040 9847     		blx	r3
 184              	.LVL6:
 185              		.loc 1 143 6 view .LVU42
 186 0042 20B9     		cbnz	r0, .L14
 187              		.loc 1 147 1 view .LVU43
 188 0044 11B0     		add	sp, sp, #68
 189              	.LCFI3:
 190              		.cfi_remember_state
 191              		.cfi_def_cfa_offset 4
 192              		@ sp needed
 193 0046 5DF804FB 		ldr	pc, [sp], #4
 194              	.L13:
 195              	.LCFI4:
 196              		.cfi_restore_state
 197              		.loc 1 132 5 is_stmt 1 view .LVU44
 198 004a 054B     		ldr	r3, .L15+12
 199 004c 9847     		blx	r3
 200              	.LVL7:
 201              	.L14:
 202              		.loc 1 145 5 view .LVU45
 203 004e 044B     		ldr	r3, .L15+12
 204 0050 9847     		blx	r3
 205              	.LVL8:
 206              	.L16:
 207 0052 00BF     		.align	2
 208              	.L15:
 209 0054 00000000 		.word	memset
 210 0058 00000000 		.word	HAL_RCC_OscConfig
 211 005c 00000000 		.word	HAL_RCC_ClockConfig
 212 0060 00000000 		.word	Error_Handler
 213              		.cfi_endproc
 214              	.LFE70:
 216              		.section	.text.main,"ax",%progbits
 217              		.align	1
 218              		.global	main
 219              		.syntax unified
 220              		.thumb
 221              		.thumb_func
 222              		.fpu softvfp
 224              	main:
 225              	.LFB69:
 226              		.loc 1 68 1 view -0
 227              		.cfi_startproc
 228              		@ Volatile: function does not return.
 229              		@ args = 0, pretend = 0, frame = 0
 230              		@ frame_needed = 0, uses_anonymous_args = 0
 231 0000 08B5     		push	{r3, lr}
 232              	.LCFI5:
 233              		.cfi_def_cfa_offset 8
ARM GAS  C:\Users\HP\AppData\Local\Temp\ccR2XDVc.s 			page 5


 234              		.cfi_offset 3, -8
 235              		.cfi_offset 14, -4
 236              		.loc 1 76 3 view .LVU47
 237 0002 084B     		ldr	r3, .L20
 238 0004 9847     		blx	r3
 239              	.LVL9:
 240              		.loc 1 83 3 view .LVU48
 241 0006 084B     		ldr	r3, .L20+4
 242 0008 9847     		blx	r3
 243              	.LVL10:
 244              		.loc 1 90 3 view .LVU49
 245 000a 084B     		ldr	r3, .L20+8
 246 000c 9847     		blx	r3
 247              	.LVL11:
 248              		.loc 1 91 3 view .LVU50
 249 000e 084B     		ldr	r3, .L20+12
 250 0010 9847     		blx	r3
 251              	.LVL12:
 252              		.loc 1 93 3 view .LVU51
 253 0012 084B     		ldr	r3, .L20+16
 254 0014 9847     		blx	r3
 255              	.LVL13:
 256              		.loc 1 97 3 view .LVU52
 257 0016 084B     		ldr	r3, .L20+20
 258 0018 9847     		blx	r3
 259              	.LVL14:
 260              		.loc 1 98 3 view .LVU53
 261 001a 084B     		ldr	r3, .L20+24
 262 001c 9847     		blx	r3
 263              	.LVL15:
 264              		.loc 1 100 3 view .LVU54
 265 001e 084B     		ldr	r3, .L20+28
 266 0020 9847     		blx	r3
 267              	.LVL16:
 268              	.L18:
 269              		.loc 1 105 3 discriminator 1 view .LVU55
 270              		.loc 1 110 3 discriminator 1 view .LVU56
 271              		.loc 1 105 9 discriminator 1 view .LVU57
 272 0022 FEE7     		b	.L18
 273              	.L21:
 274              		.align	2
 275              	.L20:
 276 0024 00000000 		.word	HAL_Init
 277 0028 00000000 		.word	SystemClock_Config
 278 002c 00000000 		.word	MX_GPIO_Init
 279 0030 00000000 		.word	MX_USART1_UART_Init
 280 0034 00000000 		.word	caki
 281 0038 00000000 		.word	osKernelInitialize
 282 003c 00000000 		.word	MX_FREERTOS_Init
 283 0040 00000000 		.word	osKernelStart
 284              		.cfi_endproc
 285              	.LFE69:
 287              		.text
 288              	.Letext0:
 289              		.file 3 "../d:\\program files\\gnu mcu\\arm-none-eabi-gcc-10.2.1-1.1\\arm-none-eabi\\include\\mach
 290              		.file 4 "../d:\\program files\\gnu mcu\\arm-none-eabi-gcc-10.2.1-1.1\\arm-none-eabi\\include\\sys\
 291              		.file 5 "../Drivers/CMSIS/Device/ST/STM32F1xx/Include/stm32f103x6.h"
ARM GAS  C:\Users\HP\AppData\Local\Temp\ccR2XDVc.s 			page 6


 292              		.file 6 "../Drivers/STM32F1xx_HAL_Driver/Inc/stm32f1xx_hal_def.h"
 293              		.file 7 "../Drivers/STM32F1xx_HAL_Driver/Inc/stm32f1xx_hal_rcc.h"
 294              		.file 8 "../Drivers/STM32F1xx_HAL_Driver/Inc/stm32f1xx_hal_rcc_ex.h"
 295              		.file 9 "../Drivers/STM32F1xx_HAL_Driver/Inc/stm32f1xx_hal_dma.h"
 296              		.file 10 "../Drivers/STM32F1xx_HAL_Driver/Inc/stm32f1xx_hal_tim.h"
 297              		.file 11 "../Drivers/STM32F1xx_HAL_Driver/Inc/stm32f1xx_hal.h"
 298              		.file 12 "../Core/Inc/gpio.h"
 299              		.file 13 "../Core/Inc/usart.h"
 300              		.file 14 "../Core/Inc/caslav.h"
 301              		.file 15 "../Middlewares/Third_Party/FreeRTOS/Source/CMSIS_RTOS_V2/cmsis_os2.h"
 302              		.file 16 "../<built-in>"
ARM GAS  C:\Users\HP\AppData\Local\Temp\ccR2XDVc.s 			page 7


DEFINED SYMBOLS
                            *ABS*:0000000000000000 main.c
C:\Users\HP\AppData\Local\Temp\ccR2XDVc.s:16     .text.HAL_TIM_PeriodElapsedCallback:0000000000000000 $t
C:\Users\HP\AppData\Local\Temp\ccR2XDVc.s:24     .text.HAL_TIM_PeriodElapsedCallback:0000000000000000 HAL_TIM_PeriodElapsedCallback
C:\Users\HP\AppData\Local\Temp\ccR2XDVc.s:60     .text.HAL_TIM_PeriodElapsedCallback:0000000000000014 $d
C:\Users\HP\AppData\Local\Temp\ccR2XDVc.s:66     .text.Error_Handler:0000000000000000 $t
C:\Users\HP\AppData\Local\Temp\ccR2XDVc.s:73     .text.Error_Handler:0000000000000000 Error_Handler
C:\Users\HP\AppData\Local\Temp\ccR2XDVc.s:105    .text.SystemClock_Config:0000000000000000 $t
C:\Users\HP\AppData\Local\Temp\ccR2XDVc.s:112    .text.SystemClock_Config:0000000000000000 SystemClock_Config
C:\Users\HP\AppData\Local\Temp\ccR2XDVc.s:209    .text.SystemClock_Config:0000000000000054 $d
C:\Users\HP\AppData\Local\Temp\ccR2XDVc.s:217    .text.main:0000000000000000 $t
C:\Users\HP\AppData\Local\Temp\ccR2XDVc.s:224    .text.main:0000000000000000 main
C:\Users\HP\AppData\Local\Temp\ccR2XDVc.s:276    .text.main:0000000000000024 $d

UNDEFINED SYMBOLS
HAL_IncTick
memset
HAL_RCC_OscConfig
HAL_RCC_ClockConfig
HAL_Init
MX_GPIO_Init
MX_USART1_UART_Init
caki
osKernelInitialize
MX_FREERTOS_Init
osKernelStart
