ARM GAS  C:\Users\HP\AppData\Local\Temp\ccwPQ4Wh.s 			page 1


   1              		.cpu cortex-m3
   2              		.eabi_attribute 20, 1
   3              		.eabi_attribute 21, 1
   4              		.eabi_attribute 23, 3
   5              		.eabi_attribute 24, 1
   6              		.eabi_attribute 25, 1
   7              		.eabi_attribute 26, 1
   8              		.eabi_attribute 30, 1
   9              		.eabi_attribute 34, 1
  10              		.eabi_attribute 18, 4
  11              		.file	"stm32f1xx_hal_gpio.c"
  12              		.text
  13              	.Ltext0:
  14              		.cfi_sections	.debug_frame
  15              		.section	.text.HAL_GPIO_Init,"ax",%progbits
  16              		.align	1
  17              		.global	HAL_GPIO_Init
  18              		.arch armv7-m
  19              		.syntax unified
  20              		.thumb
  21              		.thumb_func
  22              		.fpu softvfp
  24              	HAL_GPIO_Init:
  25              	.LVL0:
  26              	.LFB65:
  27              		.file 1 "../Drivers/STM32F1xx_HAL_Driver/Src/stm32f1xx_hal_gpio.c"
   1:../Drivers/STM32F1xx_HAL_Driver/Src/stm32f1xx_hal_gpio.c **** 
  28              		.loc 1 179 1 view -0
  29              		.cfi_startproc
  30              		@ args = 0, pretend = 0, frame = 8
  31              		@ frame_needed = 0, uses_anonymous_args = 0
  32              		.loc 1 179 1 is_stmt 0 view .LVU1
  33 0000 70B5     		push	{r4, r5, r6, lr}
  34              	.LCFI0:
  35              		.cfi_def_cfa_offset 16
  36              		.cfi_offset 4, -16
  37              		.cfi_offset 5, -12
  38              		.cfi_offset 6, -8
  39              		.cfi_offset 14, -4
  40 0002 82B0     		sub	sp, sp, #8
  41              	.LCFI1:
  42              		.cfi_def_cfa_offset 24
  43              		.loc 1 180 3 is_stmt 1 view .LVU2
  44              	.LVL1:
  45              		.loc 1 181 3 view .LVU3
  46              		.loc 1 182 3 view .LVU4
  47              		.loc 1 183 3 view .LVU5
  48              		.loc 1 184 3 view .LVU6
  49              		.loc 1 185 3 view .LVU7
  50              		.loc 1 186 3 view .LVU8
  51              		.loc 1 189 3 view .LVU9
  52              		.loc 1 190 3 view .LVU10
  53              		.loc 1 191 3 view .LVU11
  54              		.loc 1 194 3 view .LVU12
  55              		.loc 1 184 12 is_stmt 0 view .LVU13
  56 0004 0024     		movs	r4, #0
  57              		.loc 1 180 12 view .LVU14
ARM GAS  C:\Users\HP\AppData\Local\Temp\ccwPQ4Wh.s 			page 2


  58 0006 A446     		mov	ip, r4
  59              		.loc 1 194 9 view .LVU15
  60 0008 8BE0     		b	.L2
  61              	.LVL2:
  62              	.L4:
  63              		.loc 1 208 7 view .LVU16
  64 000a 7F4D     		ldr	r5, .L39
  65 000c AA42     		cmp	r2, r5
  66 000e 10D0     		beq	.L12
  67 0010 07D9     		bls	.L34
  68 0012 7E4D     		ldr	r5, .L39+4
  69 0014 AA42     		cmp	r2, r5
  70 0016 0CD0     		beq	.L12
  71 0018 05F58035 		add	r5, r5, #65536
  72 001c AA42     		cmp	r2, r5
  73 001e 08D0     		beq	.L12
  74 0020 15E0     		b	.L9
  75              	.L34:
  76 0022 A5F58015 		sub	r5, r5, #1048576
  77 0026 AA42     		cmp	r2, r5
  78 0028 03D0     		beq	.L12
  79 002a 05F57025 		add	r5, r5, #983040
  80 002e AA42     		cmp	r2, r5
  81 0030 09D1     		bne	.L35
  82              	.L12:
  83              		.loc 1 247 11 is_stmt 1 view .LVU17
  84              		.loc 1 248 11 view .LVU18
  85              		.loc 1 248 24 is_stmt 0 view .LVU19
  86 0032 8A68     		ldr	r2, [r1, #8]
  87              		.loc 1 248 14 view .LVU20
  88 0034 002A     		cmp	r2, #0
  89 0036 00F0BF80 		beq	.L29
  90              		.loc 1 252 16 is_stmt 1 view .LVU21
  91              		.loc 1 252 19 is_stmt 0 view .LVU22
  92 003a 012A     		cmp	r2, #1
  93 003c 00F0B780 		beq	.L36
  94              		.loc 1 261 13 is_stmt 1 view .LVU23
  95              	.LVL3:
  96              		.loc 1 264 13 view .LVU24
  97              		.loc 1 264 24 is_stmt 0 view .LVU25
  98 0040 4361     		str	r3, [r0, #20]
  99              		.loc 1 261 20 view .LVU26
 100 0042 0824     		movs	r4, #8
 101 0044 03E0     		b	.L9
 102              	.LVL4:
 103              	.L35:
 104              		.loc 1 208 7 view .LVU27
 105 0046 A5F58015 		sub	r5, r5, #1048576
 106 004a AA42     		cmp	r2, r5
 107 004c F1D0     		beq	.L12
 108              	.LVL5:
 109              	.L9:
 110              		.loc 1 280 7 is_stmt 1 view .LVU28
 111              		.loc 1 280 67 is_stmt 0 view .LVU29
 112 004e BEF1FF0F 		cmp	lr, #255
 113 0052 00F2B380 		bhi	.L15
 114              		.loc 1 280 67 discriminator 1 view .LVU30
ARM GAS  C:\Users\HP\AppData\Local\Temp\ccwPQ4Wh.s 			page 3


 115 0056 0646     		mov	r6, r0
 116              	.L16:
 117              	.LVL6:
 118              		.loc 1 281 7 is_stmt 1 discriminator 4 view .LVU31
 119              		.loc 1 281 68 is_stmt 0 discriminator 4 view .LVU32
 120 0058 BEF1FF0F 		cmp	lr, #255
 121 005c 00F2B080 		bhi	.L17
 122              		.loc 1 281 68 discriminator 1 view .LVU33
 123 0060 4FEA8C02 		lsl	r2, ip, #2
 124              	.L18:
 125              	.LVL7:
 126              		.loc 1 284 7 is_stmt 1 discriminator 4 view .LVU34
 127 0064 3368     		ldr	r3, [r6]
 128              	.LVL8:
 129              		.loc 1 284 7 is_stmt 0 discriminator 4 view .LVU35
 130 0066 0F25     		movs	r5, #15
 131 0068 9540     		lsls	r5, r5, r2
 132 006a 23EA0503 		bic	r3, r3, r5
 133 006e 04FA02F2 		lsl	r2, r4, r2
 134              	.LVL9:
 135              		.loc 1 284 7 discriminator 4 view .LVU36
 136 0072 1343     		orrs	r3, r3, r2
 137 0074 3360     		str	r3, [r6]
 138              		.loc 1 288 7 is_stmt 1 discriminator 4 view .LVU37
 139              		.loc 1 288 21 is_stmt 0 discriminator 4 view .LVU38
 140 0076 4B68     		ldr	r3, [r1, #4]
 141              		.loc 1 288 10 discriminator 4 view .LVU39
 142 0078 13F0805F 		tst	r3, #268435456
 143 007c 4FD0     		beq	.L3
 144              		.loc 1 291 9 is_stmt 1 view .LVU40
 145              	.LBB2:
 146              		.loc 1 291 9 view .LVU41
 147              		.loc 1 291 9 view .LVU42
 148 007e 644B     		ldr	r3, .L39+8
 149 0080 9A69     		ldr	r2, [r3, #24]
 150 0082 42F00102 		orr	r2, r2, #1
 151 0086 9A61     		str	r2, [r3, #24]
 152              		.loc 1 291 9 view .LVU43
 153 0088 9B69     		ldr	r3, [r3, #24]
 154 008a 03F00103 		and	r3, r3, #1
 155 008e 0193     		str	r3, [sp, #4]
 156              		.loc 1 291 9 view .LVU44
 157 0090 019B     		ldr	r3, [sp, #4]
 158              	.LBE2:
 159              		.loc 1 291 9 view .LVU45
 160              		.loc 1 292 9 view .LVU46
 161              		.loc 1 292 38 is_stmt 0 view .LVU47
 162 0092 4FEA9C02 		lsr	r2, ip, #2
 163              		.loc 1 292 14 view .LVU48
 164 0096 951C     		adds	r5, r2, #2
 165 0098 5E4B     		ldr	r3, .L39+12
 166 009a 53F82560 		ldr	r6, [r3, r5, lsl #2]
 167              	.LVL10:
 168              		.loc 1 293 9 is_stmt 1 view .LVU49
 169 009e 0CF00303 		and	r3, ip, #3
 170 00a2 9D00     		lsls	r5, r3, #2
 171 00a4 0F23     		movs	r3, #15
ARM GAS  C:\Users\HP\AppData\Local\Temp\ccwPQ4Wh.s 			page 4


 172 00a6 AB40     		lsls	r3, r3, r5
 173 00a8 26EA0306 		bic	r6, r6, r3
 174              	.LVL11:
 175              		.loc 1 294 9 view .LVU50
 176 00ac 5A4B     		ldr	r3, .L39+16
 177 00ae 9842     		cmp	r0, r3
 178 00b0 00F08C80 		beq	.L30
 179              		.loc 1 294 9 is_stmt 0 discriminator 1 view .LVU51
 180 00b4 03F58063 		add	r3, r3, #1024
 181 00b8 9842     		cmp	r0, r3
 182 00ba 00F08980 		beq	.L31
 183              		.loc 1 294 9 discriminator 3 view .LVU52
 184 00be 03F58063 		add	r3, r3, #1024
 185 00c2 9842     		cmp	r0, r3
 186 00c4 00F08080 		beq	.L37
 187              		.loc 1 294 9 view .LVU53
 188 00c8 0323     		movs	r3, #3
 189              	.L19:
 190              		.loc 1 294 9 discriminator 12 view .LVU54
 191 00ca AB40     		lsls	r3, r3, r5
 192 00cc 3343     		orrs	r3, r3, r6
 193              	.LVL12:
 194              		.loc 1 295 9 is_stmt 1 discriminator 12 view .LVU55
 195              		.loc 1 295 38 is_stmt 0 discriminator 12 view .LVU56
 196 00ce 0232     		adds	r2, r2, #2
 197 00d0 504D     		ldr	r5, .L39+12
 198 00d2 45F82230 		str	r3, [r5, r2, lsl #2]
 199              		.loc 1 299 9 is_stmt 1 discriminator 12 view .LVU57
 200              		.loc 1 299 23 is_stmt 0 discriminator 12 view .LVU58
 201 00d6 4B68     		ldr	r3, [r1, #4]
 202              	.LVL13:
 203              		.loc 1 299 12 discriminator 12 view .LVU59
 204 00d8 13F4801F 		tst	r3, #1048576
 205 00dc 7AD0     		beq	.L20
 206              		.loc 1 301 11 is_stmt 1 view .LVU60
 207 00de 4F4A     		ldr	r2, .L39+20
 208              	.LVL14:
 209              		.loc 1 301 11 is_stmt 0 view .LVU61
 210 00e0 9368     		ldr	r3, [r2, #8]
 211 00e2 43EA0E03 		orr	r3, r3, lr
 212 00e6 9360     		str	r3, [r2, #8]
 213              	.LVL15:
 214              	.L21:
 215              		.loc 1 309 9 is_stmt 1 view .LVU62
 216              		.loc 1 309 23 is_stmt 0 view .LVU63
 217 00e8 4B68     		ldr	r3, [r1, #4]
 218              		.loc 1 309 12 view .LVU64
 219 00ea 13F4001F 		tst	r3, #2097152
 220 00ee 77D0     		beq	.L22
 221              		.loc 1 311 11 is_stmt 1 view .LVU65
 222 00f0 4A4A     		ldr	r2, .L39+20
 223 00f2 D368     		ldr	r3, [r2, #12]
 224 00f4 43EA0E03 		orr	r3, r3, lr
 225 00f8 D360     		str	r3, [r2, #12]
 226              	.L23:
 227              		.loc 1 319 9 view .LVU66
 228              		.loc 1 319 23 is_stmt 0 view .LVU67
ARM GAS  C:\Users\HP\AppData\Local\Temp\ccwPQ4Wh.s 			page 5


 229 00fa 4B68     		ldr	r3, [r1, #4]
 230              		.loc 1 319 12 view .LVU68
 231 00fc 13F4003F 		tst	r3, #131072
 232 0100 74D0     		beq	.L24
 233              		.loc 1 321 11 is_stmt 1 view .LVU69
 234 0102 464A     		ldr	r2, .L39+20
 235 0104 5368     		ldr	r3, [r2, #4]
 236 0106 43EA0E03 		orr	r3, r3, lr
 237 010a 5360     		str	r3, [r2, #4]
 238              	.L25:
 239              		.loc 1 329 9 view .LVU70
 240              		.loc 1 329 23 is_stmt 0 view .LVU71
 241 010c 4B68     		ldr	r3, [r1, #4]
 242              		.loc 1 329 12 view .LVU72
 243 010e 13F4803F 		tst	r3, #65536
 244 0112 71D0     		beq	.L26
 245              		.loc 1 331 11 is_stmt 1 view .LVU73
 246 0114 414A     		ldr	r2, .L39+20
 247 0116 1368     		ldr	r3, [r2]
 248 0118 43EA0E03 		orr	r3, r3, lr
 249 011c 1360     		str	r3, [r2]
 250              	.L3:
 251              		.loc 1 340 2 view .LVU74
 252              		.loc 1 340 10 is_stmt 0 view .LVU75
 253 011e 0CF1010C 		add	ip, ip, #1
 254              	.LVL16:
 255              	.L2:
 256              		.loc 1 194 9 is_stmt 1 view .LVU76
 257              		.loc 1 194 21 is_stmt 0 view .LVU77
 258 0122 0A68     		ldr	r2, [r1]
 259              		.loc 1 194 9 view .LVU78
 260 0124 32FA0CF3 		lsrs	r3, r2, ip
 261 0128 6CD0     		beq	.L38
 262              		.loc 1 197 5 is_stmt 1 view .LVU79
 263              		.loc 1 197 16 is_stmt 0 view .LVU80
 264 012a 0123     		movs	r3, #1
 265 012c 03FA0CF3 		lsl	r3, r3, ip
 266              	.LVL17:
 267              		.loc 1 200 5 is_stmt 1 view .LVU81
 268              		.loc 1 200 15 is_stmt 0 view .LVU82
 269 0130 02EA030E 		and	lr, r2, r3
 270              	.LVL18:
 271              		.loc 1 202 5 is_stmt 1 view .LVU83
 272              		.loc 1 202 8 is_stmt 0 view .LVU84
 273 0134 33EA0202 		bics	r2, r3, r2
 274 0138 F1D1     		bne	.L3
 275              		.loc 1 205 7 is_stmt 1 view .LVU85
 276              		.loc 1 208 7 view .LVU86
 277              		.loc 1 208 24 is_stmt 0 view .LVU87
 278 013a 4A68     		ldr	r2, [r1, #4]
 279              		.loc 1 208 7 view .LVU88
 280 013c 122A     		cmp	r2, #18
 281 013e 3FF664AF 		bhi	.L4
 282 0142 122A     		cmp	r2, #18
 283 0144 83D8     		bhi	.L9
 284 0146 01A5     		adr	r5, .L7
 285 0148 55F822F0 		ldr	pc, [r5, r2, lsl #2]
ARM GAS  C:\Users\HP\AppData\Local\Temp\ccwPQ4Wh.s 			page 6


 286              		.p2align 2
 287              	.L7:
 288 014c 33000000 		.word	.L12+1
 289 0150 99010000 		.word	.L11+1
 290 0154 A3010000 		.word	.L10+1
 291 0158 B5010000 		.word	.L28+1
 292 015c 4F000000 		.word	.L9+1
 293 0160 4F000000 		.word	.L9+1
 294 0164 4F000000 		.word	.L9+1
 295 0168 4F000000 		.word	.L9+1
 296 016c 4F000000 		.word	.L9+1
 297 0170 4F000000 		.word	.L9+1
 298 0174 4F000000 		.word	.L9+1
 299 0178 4F000000 		.word	.L9+1
 300 017c 4F000000 		.word	.L9+1
 301 0180 4F000000 		.word	.L9+1
 302 0184 4F000000 		.word	.L9+1
 303 0188 4F000000 		.word	.L9+1
 304 018c 4F000000 		.word	.L9+1
 305 0190 9D010000 		.word	.L8+1
 306 0194 A9010000 		.word	.L6+1
 307              		.p2align 1
 308              	.L11:
 309              		.loc 1 213 11 is_stmt 1 view .LVU89
 310              		.loc 1 214 11 view .LVU90
 311              		.loc 1 214 18 is_stmt 0 view .LVU91
 312 0198 CC68     		ldr	r4, [r1, #12]
 313              	.LVL19:
 314              		.loc 1 215 11 is_stmt 1 view .LVU92
 315 019a 58E7     		b	.L9
 316              	.L8:
 317              		.loc 1 220 11 view .LVU93
 318              		.loc 1 221 11 view .LVU94
 319              		.loc 1 221 29 is_stmt 0 view .LVU95
 320 019c CC68     		ldr	r4, [r1, #12]
 321              	.LVL20:
 322              		.loc 1 221 18 view .LVU96
 323 019e 0434     		adds	r4, r4, #4
 324              	.LVL21:
 325              		.loc 1 222 11 is_stmt 1 view .LVU97
 326 01a0 55E7     		b	.L9
 327              	.L10:
 328              		.loc 1 227 11 view .LVU98
 329              		.loc 1 228 11 view .LVU99
 330              		.loc 1 228 29 is_stmt 0 view .LVU100
 331 01a2 CC68     		ldr	r4, [r1, #12]
 332              	.LVL22:
 333              		.loc 1 228 18 view .LVU101
 334 01a4 0834     		adds	r4, r4, #8
 335              	.LVL23:
 336              		.loc 1 229 11 is_stmt 1 view .LVU102
 337 01a6 52E7     		b	.L9
 338              	.L6:
 339              		.loc 1 234 11 view .LVU103
 340              		.loc 1 235 11 view .LVU104
 341              		.loc 1 235 29 is_stmt 0 view .LVU105
 342 01a8 CC68     		ldr	r4, [r1, #12]
ARM GAS  C:\Users\HP\AppData\Local\Temp\ccwPQ4Wh.s 			page 7


 343              	.LVL24:
 344              		.loc 1 235 18 view .LVU106
 345 01aa 0C34     		adds	r4, r4, #12
 346              	.LVL25:
 347              		.loc 1 236 11 is_stmt 1 view .LVU107
 348 01ac 4FE7     		b	.L9
 349              	.L36:
 350              		.loc 1 254 13 view .LVU108
 351              	.LVL26:
 352              		.loc 1 257 13 view .LVU109
 353              		.loc 1 257 25 is_stmt 0 view .LVU110
 354 01ae 0361     		str	r3, [r0, #16]
 355              		.loc 1 254 20 view .LVU111
 356 01b0 0824     		movs	r4, #8
 357 01b2 4CE7     		b	.L9
 358              	.LVL27:
 359              	.L28:
 360              		.loc 1 270 18 view .LVU112
 361 01b4 0024     		movs	r4, #0
 362              	.LVL28:
 363              		.loc 1 270 18 view .LVU113
 364 01b6 4AE7     		b	.L9
 365              	.LVL29:
 366              	.L29:
 367              		.loc 1 250 20 view .LVU114
 368 01b8 0424     		movs	r4, #4
 369              	.LVL30:
 370              		.loc 1 250 20 view .LVU115
 371 01ba 48E7     		b	.L9
 372              	.LVL31:
 373              	.L15:
 374              		.loc 1 280 67 discriminator 2 view .LVU116
 375 01bc 061D     		adds	r6, r0, #4
 376 01be 4BE7     		b	.L16
 377              	.LVL32:
 378              	.L17:
 379              		.loc 1 281 81 discriminator 2 view .LVU117
 380 01c0 ACF10802 		sub	r2, ip, #8
 381              		.loc 1 281 68 discriminator 2 view .LVU118
 382 01c4 9200     		lsls	r2, r2, #2
 383 01c6 4DE7     		b	.L18
 384              	.LVL33:
 385              	.L37:
 386              		.loc 1 294 9 view .LVU119
 387 01c8 0223     		movs	r3, #2
 388 01ca 7EE7     		b	.L19
 389              	.L30:
 390 01cc 0023     		movs	r3, #0
 391 01ce 7CE7     		b	.L19
 392              	.L31:
 393 01d0 0123     		movs	r3, #1
 394              	.LVL34:
 395              		.loc 1 294 9 view .LVU120
 396 01d2 7AE7     		b	.L19
 397              	.LVL35:
 398              	.L20:
 399              		.loc 1 305 11 is_stmt 1 view .LVU121
ARM GAS  C:\Users\HP\AppData\Local\Temp\ccwPQ4Wh.s 			page 8


 400 01d4 114A     		ldr	r2, .L39+20
 401              	.LVL36:
 402              		.loc 1 305 11 is_stmt 0 view .LVU122
 403 01d6 9368     		ldr	r3, [r2, #8]
 404 01d8 23EA0E03 		bic	r3, r3, lr
 405 01dc 9360     		str	r3, [r2, #8]
 406              	.LVL37:
 407              		.loc 1 305 11 view .LVU123
 408 01de 83E7     		b	.L21
 409              	.L22:
 410              		.loc 1 315 11 is_stmt 1 view .LVU124
 411 01e0 0E4A     		ldr	r2, .L39+20
 412 01e2 D368     		ldr	r3, [r2, #12]
 413 01e4 23EA0E03 		bic	r3, r3, lr
 414 01e8 D360     		str	r3, [r2, #12]
 415 01ea 86E7     		b	.L23
 416              	.L24:
 417              		.loc 1 325 11 view .LVU125
 418 01ec 0B4A     		ldr	r2, .L39+20
 419 01ee 5368     		ldr	r3, [r2, #4]
 420 01f0 23EA0E03 		bic	r3, r3, lr
 421 01f4 5360     		str	r3, [r2, #4]
 422 01f6 89E7     		b	.L25
 423              	.L26:
 424              		.loc 1 335 11 view .LVU126
 425 01f8 084A     		ldr	r2, .L39+20
 426 01fa 1368     		ldr	r3, [r2]
 427 01fc 23EA0E03 		bic	r3, r3, lr
 428 0200 1360     		str	r3, [r2]
 429 0202 8CE7     		b	.L3
 430              	.LVL38:
 431              	.L38:
 432              		.loc 1 342 1 is_stmt 0 view .LVU127
 433 0204 02B0     		add	sp, sp, #8
 434              	.LCFI2:
 435              		.cfi_def_cfa_offset 16
 436              		@ sp needed
 437 0206 70BD     		pop	{r4, r5, r6, pc}
 438              	.LVL39:
 439              	.L40:
 440              		.loc 1 342 1 view .LVU128
 441              		.align	2
 442              	.L39:
 443 0208 00002210 		.word	270663680
 444 020c 00003110 		.word	271646720
 445 0210 00100240 		.word	1073876992
 446 0214 00000140 		.word	1073807360
 447 0218 00080140 		.word	1073809408
 448 021c 00040140 		.word	1073808384
 449              		.cfi_endproc
 450              	.LFE65:
 452              		.section	.text.HAL_GPIO_DeInit,"ax",%progbits
 453              		.align	1
 454              		.global	HAL_GPIO_DeInit
 455              		.syntax unified
 456              		.thumb
 457              		.thumb_func
ARM GAS  C:\Users\HP\AppData\Local\Temp\ccwPQ4Wh.s 			page 9


 458              		.fpu softvfp
 460              	HAL_GPIO_DeInit:
 461              	.LVL40:
 462              	.LFB66:
 463              		.loc 1 352 1 is_stmt 1 view -0
 464              		.cfi_startproc
 465              		@ args = 0, pretend = 0, frame = 0
 466              		@ frame_needed = 0, uses_anonymous_args = 0
 467              		.loc 1 353 3 view .LVU130
 468              		.loc 1 354 3 view .LVU131
 469              		.loc 1 355 3 view .LVU132
 470              		.loc 1 356 3 view .LVU133
 471              		.loc 1 357 3 view .LVU134
 472              		.loc 1 360 3 view .LVU135
 473              		.loc 1 361 3 view .LVU136
 474              		.loc 1 364 3 view .LVU137
 475              		.loc 1 353 12 is_stmt 0 view .LVU138
 476 0000 0022     		movs	r2, #0
 477              		.loc 1 364 9 view .LVU139
 478 0002 66E0     		b	.L55
 479              	.LVL41:
 480              	.L62:
 481              	.LCFI3:
 482              		.cfi_def_cfa_offset 16
 483              		.cfi_offset 4, -16
 484              		.cfi_offset 5, -12
 485              		.cfi_offset 6, -8
 486              		.cfi_offset 14, -4
 487              		.loc 1 376 19 view .LVU140
 488 0004 0225     		movs	r5, #2
 489 0006 00E0     		b	.L44
 490              	.L51:
 491 0008 0025     		movs	r5, #0
 492              	.L44:
 493              		.loc 1 376 41 discriminator 12 view .LVU141
 494 000a 05FA04F4 		lsl	r4, r5, r4
 495              		.loc 1 376 10 discriminator 12 view .LVU142
 496 000e 7445     		cmp	r4, lr
 497 0010 3CD0     		beq	.L60
 498              	.LVL42:
 499              	.L45:
 500              		.loc 1 392 7 is_stmt 1 view .LVU143
 501              		.loc 1 392 67 is_stmt 0 view .LVU144
 502 0012 FF2B     		cmp	r3, #255
 503 0014 54D8     		bhi	.L46
 504              		.loc 1 392 67 discriminator 1 view .LVU145
 505 0016 0646     		mov	r6, r0
 506              	.L47:
 507              	.LVL43:
 508              		.loc 1 393 7 is_stmt 1 discriminator 4 view .LVU146
 509              		.loc 1 393 68 is_stmt 0 discriminator 4 view .LVU147
 510 0018 FF2B     		cmp	r3, #255
 511 001a 53D8     		bhi	.L48
 512              		.loc 1 393 68 discriminator 1 view .LVU148
 513 001c 9500     		lsls	r5, r2, #2
 514              	.L49:
 515              	.LVL44:
ARM GAS  C:\Users\HP\AppData\Local\Temp\ccwPQ4Wh.s 			page 10


 516              		.loc 1 396 7 is_stmt 1 discriminator 4 view .LVU149
 517 001e 3468     		ldr	r4, [r6]
 518 0020 4FF00F0E 		mov	lr, #15
 519 0024 0EFA05FE 		lsl	lr, lr, r5
 520 0028 24EA0E04 		bic	r4, r4, lr
 521 002c 4FF0040C 		mov	ip, #4
 522 0030 0CFA05FC 		lsl	ip, ip, r5
 523 0034 44EA0C04 		orr	r4, r4, ip
 524 0038 3460     		str	r4, [r6]
 525              		.loc 1 399 7 discriminator 4 view .LVU150
 526 003a C468     		ldr	r4, [r0, #12]
 527 003c 24EA0303 		bic	r3, r4, r3
 528              	.LVL45:
 529              		.loc 1 399 7 is_stmt 0 discriminator 4 view .LVU151
 530 0040 C360     		str	r3, [r0, #12]
 531              	.L43:
 532              		.loc 1 402 5 is_stmt 1 view .LVU152
 533              		.loc 1 402 13 is_stmt 0 view .LVU153
 534 0042 0132     		adds	r2, r2, #1
 535              	.LVL46:
 536              		.loc 1 364 9 is_stmt 1 view .LVU154
 537 0044 31FA02F3 		lsrs	r3, r1, r2
 538 0048 41D0     		beq	.L61
 539              		.loc 1 367 5 view .LVU155
 540              		.loc 1 367 35 is_stmt 0 view .LVU156
 541 004a 0123     		movs	r3, #1
 542 004c 9340     		lsls	r3, r3, r2
 543              	.LVL47:
 544              		.loc 1 369 5 is_stmt 1 view .LVU157
 545              		.loc 1 369 8 is_stmt 0 view .LVU158
 546 004e 0B40     		ands	r3, r3, r1
 547              	.LVL48:
 548              		.loc 1 369 8 view .LVU159
 549 0050 F7D0     		beq	.L43
 550              	.LVL49:
 551              	.L56:
 552              		.loc 1 374 7 is_stmt 1 view .LVU160
 553              		.loc 1 374 35 is_stmt 0 view .LVU161
 554 0052 9608     		lsrs	r6, r2, #2
 555              		.loc 1 374 11 view .LVU162
 556 0054 B51C     		adds	r5, r6, #2
 557 0056 244C     		ldr	r4, .L65
 558 0058 54F82550 		ldr	r5, [r4, r5, lsl #2]
 559              	.LVL50:
 560              		.loc 1 375 7 is_stmt 1 view .LVU163
 561              		.loc 1 375 40 is_stmt 0 view .LVU164
 562 005c 02F00304 		and	r4, r2, #3
 563              		.loc 1 375 28 view .LVU165
 564 0060 A400     		lsls	r4, r4, #2
 565              		.loc 1 375 21 view .LVU166
 566 0062 4FF00F0C 		mov	ip, #15
 567 0066 0CFA04FC 		lsl	ip, ip, r4
 568              		.loc 1 375 11 view .LVU167
 569 006a 0CEA050E 		and	lr, ip, r5
 570              	.LVL51:
 571              		.loc 1 376 7 is_stmt 1 view .LVU168
 572              		.loc 1 376 19 is_stmt 0 view .LVU169
ARM GAS  C:\Users\HP\AppData\Local\Temp\ccwPQ4Wh.s 			page 11


 573 006e 1F4D     		ldr	r5, .L65+4
 574 0070 A842     		cmp	r0, r5
 575 0072 C9D0     		beq	.L51
 576              		.loc 1 376 19 discriminator 1 view .LVU170
 577 0074 05F58065 		add	r5, r5, #1024
 578 0078 A842     		cmp	r0, r5
 579 007a 05D0     		beq	.L52
 580              		.loc 1 376 19 discriminator 3 view .LVU171
 581 007c 05F58065 		add	r5, r5, #1024
 582 0080 A842     		cmp	r0, r5
 583 0082 BFD0     		beq	.L62
 584              		.loc 1 376 19 view .LVU172
 585 0084 0325     		movs	r5, #3
 586 0086 C0E7     		b	.L44
 587              	.L52:
 588 0088 0125     		movs	r5, #1
 589 008a BEE7     		b	.L44
 590              	.L60:
 591              		.loc 1 379 9 is_stmt 1 view .LVU173
 592 008c 184C     		ldr	r4, .L65+8
 593 008e 2568     		ldr	r5, [r4]
 594 0090 25EA0305 		bic	r5, r5, r3
 595 0094 2560     		str	r5, [r4]
 596              		.loc 1 380 9 view .LVU174
 597 0096 6568     		ldr	r5, [r4, #4]
 598 0098 25EA0305 		bic	r5, r5, r3
 599 009c 6560     		str	r5, [r4, #4]
 600              		.loc 1 383 9 view .LVU175
 601 009e E568     		ldr	r5, [r4, #12]
 602 00a0 25EA0305 		bic	r5, r5, r3
 603 00a4 E560     		str	r5, [r4, #12]
 604              		.loc 1 384 9 view .LVU176
 605 00a6 A568     		ldr	r5, [r4, #8]
 606 00a8 25EA0305 		bic	r5, r5, r3
 607 00ac A560     		str	r5, [r4, #8]
 608              		.loc 1 386 9 view .LVU177
 609              	.LVL52:
 610              		.loc 1 387 9 view .LVU178
 611 00ae 0E4D     		ldr	r5, .L65
 612 00b0 0236     		adds	r6, r6, #2
 613 00b2 55F82640 		ldr	r4, [r5, r6, lsl #2]
 614 00b6 24EA0C04 		bic	r4, r4, ip
 615 00ba 45F82640 		str	r4, [r5, r6, lsl #2]
 616 00be A8E7     		b	.L45
 617              	.LVL53:
 618              	.L46:
 619              		.loc 1 392 67 is_stmt 0 discriminator 2 view .LVU179
 620 00c0 061D     		adds	r6, r0, #4
 621 00c2 A9E7     		b	.L47
 622              	.LVL54:
 623              	.L48:
 624              		.loc 1 393 81 discriminator 2 view .LVU180
 625 00c4 A2F1080C 		sub	ip, r2, #8
 626              		.loc 1 393 68 discriminator 2 view .LVU181
 627 00c8 4FEA8C05 		lsl	r5, ip, #2
 628 00cc A7E7     		b	.L49
 629              	.LVL55:
ARM GAS  C:\Users\HP\AppData\Local\Temp\ccwPQ4Wh.s 			page 12


 630              	.L61:
 631              		.loc 1 404 1 view .LVU182
 632 00ce 70BD     		pop	{r4, r5, r6, pc}
 633              	.LVL56:
 634              	.L64:
 635              	.LCFI4:
 636              		.cfi_def_cfa_offset 0
 637              		.cfi_restore 4
 638              		.cfi_restore 5
 639              		.cfi_restore 6
 640              		.cfi_restore 14
 641              		.loc 1 402 5 is_stmt 1 view .LVU183
 642              		.loc 1 402 13 is_stmt 0 view .LVU184
 643 00d0 0132     		adds	r2, r2, #1
 644              	.LVL57:
 645              	.L55:
 646              		.loc 1 364 9 is_stmt 1 view .LVU185
 647 00d2 31FA02F3 		lsrs	r3, r1, r2
 648 00d6 05D0     		beq	.L63
 649              		.loc 1 367 5 view .LVU186
 650              		.loc 1 367 35 is_stmt 0 view .LVU187
 651 00d8 0123     		movs	r3, #1
 652 00da 9340     		lsls	r3, r3, r2
 653              	.LVL58:
 654              		.loc 1 369 5 is_stmt 1 view .LVU188
 655              		.loc 1 369 8 is_stmt 0 view .LVU189
 656 00dc 0B40     		ands	r3, r3, r1
 657              	.LVL59:
 658              		.loc 1 369 8 view .LVU190
 659 00de F7D0     		beq	.L64
 660              		.loc 1 352 1 view .LVU191
 661 00e0 70B5     		push	{r4, r5, r6, lr}
 662              	.LCFI5:
 663              		.cfi_def_cfa_offset 16
 664              		.cfi_offset 4, -16
 665              		.cfi_offset 5, -12
 666              		.cfi_offset 6, -8
 667              		.cfi_offset 14, -4
 668 00e2 B6E7     		b	.L56
 669              	.LVL60:
 670              	.L63:
 671              	.LCFI6:
 672              		.cfi_def_cfa_offset 0
 673              		.cfi_restore 4
 674              		.cfi_restore 5
 675              		.cfi_restore 6
 676              		.cfi_restore 14
 677              		.loc 1 352 1 view .LVU192
 678 00e4 7047     		bx	lr
 679              	.L66:
 680 00e6 00BF     		.align	2
 681              	.L65:
 682 00e8 00000140 		.word	1073807360
 683 00ec 00080140 		.word	1073809408
 684 00f0 00040140 		.word	1073808384
 685              		.cfi_endproc
 686              	.LFE66:
ARM GAS  C:\Users\HP\AppData\Local\Temp\ccwPQ4Wh.s 			page 13


 688              		.section	.text.HAL_GPIO_ReadPin,"ax",%progbits
 689              		.align	1
 690              		.global	HAL_GPIO_ReadPin
 691              		.syntax unified
 692              		.thumb
 693              		.thumb_func
 694              		.fpu softvfp
 696              	HAL_GPIO_ReadPin:
 697              	.LVL61:
 698              	.LFB67:
 699              		.loc 1 432 1 is_stmt 1 view -0
 700              		.cfi_startproc
 701              		@ args = 0, pretend = 0, frame = 0
 702              		@ frame_needed = 0, uses_anonymous_args = 0
 703              		@ link register save eliminated.
 704              		.loc 1 433 3 view .LVU194
 705              		.loc 1 436 3 view .LVU195
 706              		.loc 1 438 3 view .LVU196
 707              		.loc 1 438 13 is_stmt 0 view .LVU197
 708 0000 8368     		ldr	r3, [r0, #8]
 709              		.loc 1 438 6 view .LVU198
 710 0002 1942     		tst	r1, r3
 711 0004 01D0     		beq	.L69
 712              		.loc 1 440 15 view .LVU199
 713 0006 0120     		movs	r0, #1
 714              	.LVL62:
 715              		.loc 1 440 15 view .LVU200
 716 0008 7047     		bx	lr
 717              	.LVL63:
 718              	.L69:
 719              		.loc 1 444 15 view .LVU201
 720 000a 0020     		movs	r0, #0
 721              	.LVL64:
 722              		.loc 1 446 3 is_stmt 1 view .LVU202
 723              		.loc 1 447 1 is_stmt 0 view .LVU203
 724 000c 7047     		bx	lr
 725              		.cfi_endproc
 726              	.LFE67:
 728              		.section	.text.HAL_GPIO_WritePin,"ax",%progbits
 729              		.align	1
 730              		.global	HAL_GPIO_WritePin
 731              		.syntax unified
 732              		.thumb
 733              		.thumb_func
 734              		.fpu softvfp
 736              	HAL_GPIO_WritePin:
 737              	.LVL65:
 738              	.LFB68:
 739              		.loc 1 466 1 is_stmt 1 view -0
 740              		.cfi_startproc
 741              		@ args = 0, pretend = 0, frame = 0
 742              		@ frame_needed = 0, uses_anonymous_args = 0
 743              		@ link register save eliminated.
 744              		.loc 1 468 3 view .LVU205
 745              		.loc 1 469 3 view .LVU206
 746              		.loc 1 471 3 view .LVU207
 747              		.loc 1 471 6 is_stmt 0 view .LVU208
ARM GAS  C:\Users\HP\AppData\Local\Temp\ccwPQ4Wh.s 			page 14


 748 0000 0AB1     		cbz	r2, .L71
 749              		.loc 1 473 5 is_stmt 1 view .LVU209
 750              		.loc 1 473 17 is_stmt 0 view .LVU210
 751 0002 0161     		str	r1, [r0, #16]
 752 0004 7047     		bx	lr
 753              	.L71:
 754              		.loc 1 477 5 is_stmt 1 view .LVU211
 755              		.loc 1 477 38 is_stmt 0 view .LVU212
 756 0006 0904     		lsls	r1, r1, #16
 757              	.LVL66:
 758              		.loc 1 477 17 view .LVU213
 759 0008 0161     		str	r1, [r0, #16]
 760              		.loc 1 479 1 view .LVU214
 761 000a 7047     		bx	lr
 762              		.cfi_endproc
 763              	.LFE68:
 765              		.section	.text.HAL_GPIO_TogglePin,"ax",%progbits
 766              		.align	1
 767              		.global	HAL_GPIO_TogglePin
 768              		.syntax unified
 769              		.thumb
 770              		.thumb_func
 771              		.fpu softvfp
 773              	HAL_GPIO_TogglePin:
 774              	.LVL67:
 775              	.LFB69:
 776              		.loc 1 488 1 is_stmt 1 view -0
 777              		.cfi_startproc
 778              		@ args = 0, pretend = 0, frame = 0
 779              		@ frame_needed = 0, uses_anonymous_args = 0
 780              		@ link register save eliminated.
 781              		.loc 1 489 3 view .LVU216
 782              		.loc 1 492 3 view .LVU217
 783              		.loc 1 495 3 view .LVU218
 784              		.loc 1 495 7 is_stmt 0 view .LVU219
 785 0000 C368     		ldr	r3, [r0, #12]
 786              	.LVL68:
 787              		.loc 1 498 3 is_stmt 1 view .LVU220
 788              		.loc 1 498 23 is_stmt 0 view .LVU221
 789 0002 01EA0302 		and	r2, r1, r3
 790              		.loc 1 498 59 view .LVU222
 791 0006 21EA0301 		bic	r1, r1, r3
 792              	.LVL69:
 793              		.loc 1 498 51 view .LVU223
 794 000a 41EA0241 		orr	r1, r1, r2, lsl #16
 795              		.loc 1 498 15 view .LVU224
 796 000e 0161     		str	r1, [r0, #16]
 797              		.loc 1 499 1 view .LVU225
 798 0010 7047     		bx	lr
 799              		.cfi_endproc
 800              	.LFE69:
 802              		.section	.text.HAL_GPIO_LockPin,"ax",%progbits
 803              		.align	1
 804              		.global	HAL_GPIO_LockPin
 805              		.syntax unified
 806              		.thumb
 807              		.thumb_func
ARM GAS  C:\Users\HP\AppData\Local\Temp\ccwPQ4Wh.s 			page 15


 808              		.fpu softvfp
 810              	HAL_GPIO_LockPin:
 811              	.LVL70:
 812              	.LFB70:
 813              		.loc 1 512 1 is_stmt 1 view -0
 814              		.cfi_startproc
 815              		@ args = 0, pretend = 0, frame = 8
 816              		@ frame_needed = 0, uses_anonymous_args = 0
 817              		@ link register save eliminated.
 818              		.loc 1 512 1 is_stmt 0 view .LVU227
 819 0000 82B0     		sub	sp, sp, #8
 820              	.LCFI7:
 821              		.cfi_def_cfa_offset 8
 822              		.loc 1 513 3 is_stmt 1 view .LVU228
 823              		.loc 1 513 17 is_stmt 0 view .LVU229
 824 0002 4FF48033 		mov	r3, #65536
 825 0006 0193     		str	r3, [sp, #4]
 826              		.loc 1 516 3 is_stmt 1 view .LVU230
 827              		.loc 1 517 3 view .LVU231
 828              		.loc 1 520 3 view .LVU232
 829 0008 019B     		ldr	r3, [sp, #4]
 830 000a 0B43     		orrs	r3, r3, r1
 831 000c 0193     		str	r3, [sp, #4]
 832              		.loc 1 522 3 view .LVU233
 833              		.loc 1 522 15 is_stmt 0 view .LVU234
 834 000e 019B     		ldr	r3, [sp, #4]
 835 0010 8361     		str	r3, [r0, #24]
 836              		.loc 1 524 3 is_stmt 1 view .LVU235
 837              		.loc 1 524 15 is_stmt 0 view .LVU236
 838 0012 8161     		str	r1, [r0, #24]
 839              		.loc 1 526 3 is_stmt 1 view .LVU237
 840              		.loc 1 526 15 is_stmt 0 view .LVU238
 841 0014 019B     		ldr	r3, [sp, #4]
 842 0016 8361     		str	r3, [r0, #24]
 843              		.loc 1 528 3 is_stmt 1 view .LVU239
 844              		.loc 1 528 14 is_stmt 0 view .LVU240
 845 0018 8369     		ldr	r3, [r0, #24]
 846              		.loc 1 528 7 view .LVU241
 847 001a 0193     		str	r3, [sp, #4]
 848              		.loc 1 531 3 is_stmt 1 view .LVU242
 849              		.loc 1 531 23 is_stmt 0 view .LVU243
 850 001c 8369     		ldr	r3, [r0, #24]
 851              		.loc 1 531 6 view .LVU244
 852 001e 13F4803F 		tst	r3, #65536
 853 0022 02D0     		beq	.L76
 854              		.loc 1 533 12 view .LVU245
 855 0024 0020     		movs	r0, #0
 856              	.LVL71:
 857              	.L75:
 858              		.loc 1 539 1 view .LVU246
 859 0026 02B0     		add	sp, sp, #8
 860              	.LCFI8:
 861              		.cfi_remember_state
 862              		.cfi_def_cfa_offset 0
 863              		@ sp needed
 864 0028 7047     		bx	lr
 865              	.LVL72:
ARM GAS  C:\Users\HP\AppData\Local\Temp\ccwPQ4Wh.s 			page 16


 866              	.L76:
 867              	.LCFI9:
 868              		.cfi_restore_state
 869              		.loc 1 537 12 view .LVU247
 870 002a 0120     		movs	r0, #1
 871              	.LVL73:
 872              		.loc 1 537 12 view .LVU248
 873 002c FBE7     		b	.L75
 874              		.cfi_endproc
 875              	.LFE70:
 877              		.section	.text.HAL_GPIO_EXTI_Callback,"ax",%progbits
 878              		.align	1
 879              		.weak	HAL_GPIO_EXTI_Callback
 880              		.syntax unified
 881              		.thumb
 882              		.thumb_func
 883              		.fpu softvfp
 885              	HAL_GPIO_EXTI_Callback:
 886              	.LVL74:
 887              	.LFB72:
 888              		.loc 1 562 1 is_stmt 1 view -0
 889              		.cfi_startproc
 890              		@ args = 0, pretend = 0, frame = 0
 891              		@ frame_needed = 0, uses_anonymous_args = 0
 892              		@ link register save eliminated.
 893              		.loc 1 564 3 view .LVU250
 894              		.loc 1 568 1 is_stmt 0 view .LVU251
 895 0000 7047     		bx	lr
 896              		.cfi_endproc
 897              	.LFE72:
 899              		.section	.text.HAL_GPIO_EXTI_IRQHandler,"ax",%progbits
 900              		.align	1
 901              		.global	HAL_GPIO_EXTI_IRQHandler
 902              		.syntax unified
 903              		.thumb
 904              		.thumb_func
 905              		.fpu softvfp
 907              	HAL_GPIO_EXTI_IRQHandler:
 908              	.LVL75:
 909              	.LFB71:
 910              		.loc 1 547 1 is_stmt 1 view -0
 911              		.cfi_startproc
 912              		@ args = 0, pretend = 0, frame = 0
 913              		@ frame_needed = 0, uses_anonymous_args = 0
 914              		.loc 1 547 1 is_stmt 0 view .LVU253
 915 0000 08B5     		push	{r3, lr}
 916              	.LCFI10:
 917              		.cfi_def_cfa_offset 8
 918              		.cfi_offset 3, -8
 919              		.cfi_offset 14, -4
 920              		.loc 1 549 3 is_stmt 1 view .LVU254
 921              		.loc 1 549 7 is_stmt 0 view .LVU255
 922 0002 054B     		ldr	r3, .L83
 923 0004 5B69     		ldr	r3, [r3, #20]
 924              		.loc 1 549 6 view .LVU256
 925 0006 0342     		tst	r3, r0
 926 0008 00D1     		bne	.L82
ARM GAS  C:\Users\HP\AppData\Local\Temp\ccwPQ4Wh.s 			page 17


 927              	.LVL76:
 928              	.L79:
 929              		.loc 1 554 1 view .LVU257
 930 000a 08BD     		pop	{r3, pc}
 931              	.LVL77:
 932              	.L82:
 933              		.loc 1 551 5 is_stmt 1 view .LVU258
 934 000c 024B     		ldr	r3, .L83
 935 000e 5861     		str	r0, [r3, #20]
 936              		.loc 1 552 5 view .LVU259
 937 0010 024B     		ldr	r3, .L83+4
 938 0012 9847     		blx	r3
 939              	.LVL78:
 940              		.loc 1 554 1 is_stmt 0 view .LVU260
 941 0014 F9E7     		b	.L79
 942              	.L84:
 943 0016 00BF     		.align	2
 944              	.L83:
 945 0018 00040140 		.word	1073808384
 946 001c 00000000 		.word	HAL_GPIO_EXTI_Callback
 947              		.cfi_endproc
 948              	.LFE71:
 950              		.text
 951              	.Letext0:
 952              		.file 2 "../d:\\program files\\gnu mcu\\arm-none-eabi-gcc-10.2.1-1.1\\arm-none-eabi\\include\\mach
 953              		.file 3 "../d:\\program files\\gnu mcu\\arm-none-eabi-gcc-10.2.1-1.1\\arm-none-eabi\\include\\sys\
 954              		.file 4 "../Drivers/CMSIS/Device/ST/STM32F1xx/Include/stm32f103x6.h"
 955              		.file 5 "../Drivers/STM32F1xx_HAL_Driver/Inc/stm32f1xx_hal_def.h"
 956              		.file 6 "../Drivers/STM32F1xx_HAL_Driver/Inc/stm32f1xx_hal_gpio.h"
ARM GAS  C:\Users\HP\AppData\Local\Temp\ccwPQ4Wh.s 			page 18


DEFINED SYMBOLS
                            *ABS*:0000000000000000 stm32f1xx_hal_gpio.c
C:\Users\HP\AppData\Local\Temp\ccwPQ4Wh.s:16     .text.HAL_GPIO_Init:0000000000000000 $t
C:\Users\HP\AppData\Local\Temp\ccwPQ4Wh.s:24     .text.HAL_GPIO_Init:0000000000000000 HAL_GPIO_Init
C:\Users\HP\AppData\Local\Temp\ccwPQ4Wh.s:288    .text.HAL_GPIO_Init:000000000000014c $d
C:\Users\HP\AppData\Local\Temp\ccwPQ4Wh.s:307    .text.HAL_GPIO_Init:0000000000000198 $t
C:\Users\HP\AppData\Local\Temp\ccwPQ4Wh.s:443    .text.HAL_GPIO_Init:0000000000000208 $d
C:\Users\HP\AppData\Local\Temp\ccwPQ4Wh.s:453    .text.HAL_GPIO_DeInit:0000000000000000 $t
C:\Users\HP\AppData\Local\Temp\ccwPQ4Wh.s:460    .text.HAL_GPIO_DeInit:0000000000000000 HAL_GPIO_DeInit
C:\Users\HP\AppData\Local\Temp\ccwPQ4Wh.s:682    .text.HAL_GPIO_DeInit:00000000000000e8 $d
C:\Users\HP\AppData\Local\Temp\ccwPQ4Wh.s:689    .text.HAL_GPIO_ReadPin:0000000000000000 $t
C:\Users\HP\AppData\Local\Temp\ccwPQ4Wh.s:696    .text.HAL_GPIO_ReadPin:0000000000000000 HAL_GPIO_ReadPin
C:\Users\HP\AppData\Local\Temp\ccwPQ4Wh.s:729    .text.HAL_GPIO_WritePin:0000000000000000 $t
C:\Users\HP\AppData\Local\Temp\ccwPQ4Wh.s:736    .text.HAL_GPIO_WritePin:0000000000000000 HAL_GPIO_WritePin
C:\Users\HP\AppData\Local\Temp\ccwPQ4Wh.s:766    .text.HAL_GPIO_TogglePin:0000000000000000 $t
C:\Users\HP\AppData\Local\Temp\ccwPQ4Wh.s:773    .text.HAL_GPIO_TogglePin:0000000000000000 HAL_GPIO_TogglePin
C:\Users\HP\AppData\Local\Temp\ccwPQ4Wh.s:803    .text.HAL_GPIO_LockPin:0000000000000000 $t
C:\Users\HP\AppData\Local\Temp\ccwPQ4Wh.s:810    .text.HAL_GPIO_LockPin:0000000000000000 HAL_GPIO_LockPin
C:\Users\HP\AppData\Local\Temp\ccwPQ4Wh.s:878    .text.HAL_GPIO_EXTI_Callback:0000000000000000 $t
C:\Users\HP\AppData\Local\Temp\ccwPQ4Wh.s:885    .text.HAL_GPIO_EXTI_Callback:0000000000000000 HAL_GPIO_EXTI_Callback
C:\Users\HP\AppData\Local\Temp\ccwPQ4Wh.s:900    .text.HAL_GPIO_EXTI_IRQHandler:0000000000000000 $t
C:\Users\HP\AppData\Local\Temp\ccwPQ4Wh.s:907    .text.HAL_GPIO_EXTI_IRQHandler:0000000000000000 HAL_GPIO_EXTI_IRQHandler
C:\Users\HP\AppData\Local\Temp\ccwPQ4Wh.s:945    .text.HAL_GPIO_EXTI_IRQHandler:0000000000000018 $d

NO UNDEFINED SYMBOLS
